<?xml version="1.0" encoding="utf-8"?><testsuites name="pytest tests"><testsuite name="pytest" errors="0" failures="4" skipped="3" tests="13" time="3.728" timestamp="2026-05-09T21:32:57.218328+00:00" hostname="agent-env-ee6f725a-eb7e-42e1-b1eb-bf6bc19e2aa7"><testcase classname="backend.tests.backend_test" name="test_health" time="0.256" /><testcase classname="backend.tests.backend_test" name="test_pins_list_approved" time="0.403" /><testcase classname="backend.tests.backend_test" name="test_auth_me_unauthenticated" time="0.114" /><testcase classname="backend.tests.backend_test" name="test_signup" time="0.945" /><testcase classname="backend.tests.backend_test" name="test_login" time="0.786"><failure message="AssertionError: {&quot;detail&quot;:&quot;Invalid credentials&quot;}&#10;assert 401 == 200&#10; +  where 401 = &lt;Response [401]&gt;.status_code">backend/tests/backend_test.py:63: in test_login
    assert r.status_code == 200, r.text
E   AssertionError: {"detail":"Invalid credentials"}
E   assert 401 == 200
E    +  where 401 = &lt;Response [401]&gt;.status_code</failure></testcase><testcase classname="backend.tests.backend_test" name="test_auth_me_authenticated" time="0.266"><failure message="AssertionError: Internal Server Error&#10;assert 500 == 200&#10; +  where 500 = &lt;Response [500]&gt;.status_code">backend/tests/backend_test.py:78: in test_auth_me_authenticated
    assert r.status_code == 200, r.text
E   AssertionError: Internal Server Error
E   assert 500 == 200
E    +  where 500 = &lt;Response [500]&gt;.status_code</failure></testcase><testcase classname="backend.tests.backend_test" name="test_create_pin" time="0.259"><failure message="AssertionError: Internal Server Error&#10;assert 500 == 200&#10; +  where 500 = &lt;Response [500]&gt;.status_code">backend/tests/backend_test.py:89: in test_create_pin
    assert r.status_code == 200, r.text
E   AssertionError: Internal Server Error
E   assert 500 == 200
E    +  where 500 = &lt;Response [500]&gt;.status_code</failure></testcase><testcase classname="backend.tests.backend_test" name="test_pending_pin_not_in_public" time="0.000"><skipped type="pytest.skip" message="no pin">/app/backend/tests/backend_test.py:97: no pin</skipped></testcase><testcase classname="backend.tests.backend_test" name="test_pins_mine" time="0.000"><skipped type="pytest.skip" message="no pin">/app/backend/tests/backend_test.py:106: no pin</skipped></testcase><testcase classname="backend.tests.backend_test" name="test_geocode" time="0.245" /><testcase classname="backend.tests.backend_test" name="test_admin_pins_no_admin_403" time="0.254"><failure message="AssertionError: expected 403, got 500: Internal Server Error&#10;assert 500 == 403&#10; +  where 500 = &lt;Response [500]&gt;.status_code">backend/tests/backend_test.py:130: in test_admin_pins_no_admin_403
    assert r.status_code == 403, f"expected 403, got {r.status_code}: {r.text}"
E   AssertionError: expected 403, got 500: Internal Server Error
E   assert 500 == 403
E    +  where 500 = &lt;Response [500]&gt;.status_code</failure></testcase><testcase classname="backend.tests.backend_test" name="test_patch_pin_no_admin_403" time="0.000"><skipped type="pytest.skip" message="no pin">/app/backend/tests/backend_test.py:135: no pin</skipped></testcase><testcase classname="backend.tests.backend_test" name="test_logout" time="0.103" /></testsuite></testsuites>