<?xml version="1.0" encoding="utf-8"?><testsuites name="pytest tests"><testsuite name="pytest" errors="0" failures="0" skipped="0" tests="13" time="4.276" timestamp="2026-05-09T21:41:29.902834+00:00" hostname="agent-env-ee6f725a-eb7e-42e1-b1eb-bf6bc19e2aa7"><testcase classname="backend.tests.backend_test" name="test_health" time="0.222" /><testcase classname="backend.tests.backend_test" name="test_pins_list_approved" time="0.367" /><testcase classname="backend.tests.backend_test" name="test_auth_me_unauthenticated" time="0.131" /><testcase classname="backend.tests.backend_test" name="test_signup" time="0.956" /><testcase classname="backend.tests.backend_test" name="test_login" time="0.451" /><testcase classname="backend.tests.backend_test" name="test_auth_me_authenticated" time="0.241" /><testcase classname="backend.tests.backend_test" name="test_create_pin" time="0.361" /><testcase classname="backend.tests.backend_test" name="test_pending_pin_not_in_public" time="0.259" /><testcase classname="backend.tests.backend_test" name="test_pins_mine" time="0.359" /><testcase classname="backend.tests.backend_test" name="test_geocode" time="0.194" /><testcase classname="backend.tests.backend_test" name="test_admin_pins_no_admin_403" time="0.273" /><testcase classname="backend.tests.backend_test" name="test_patch_pin_no_admin_403" time="0.238" /><testcase classname="backend.tests.backend_test" name="test_logout" time="0.160" /></testsuite></testsuites>